<?xml version="1.0" encoding="UTF-8"?>
<!-- Generated by org.testng.reporters.JUnitXMLReporter -->
<testsuite hostname="N000613" ignored="0" name="Cadastro de centro de distribuição" tests="5" failures="0" timestamp="19 out 2020 20:46:40 GMT" time="48.957" errors="0">
  <testcase name="@BeforeMethod InicializaTeste" time="48.629" classname="testCases.CentroDeDistribuicao">
    <failure type="org.openqa.selenium.WebDriverException" message="unknown error: net::ERR_CONNECTION_TIMED_OUT
  (Session info: chrome=86.0.4240.75)
Build info: version: &amp;apos;3.14.0&amp;apos;, revision: &amp;apos;aacccce0&amp;apos;, time: &amp;apos;2018-08-02T20:19:58.91Z&amp;apos;
System info: host: &amp;apos;N000613&amp;apos;, ip: &amp;apos;192.168.0.10&amp;apos;, os.name: &amp;apos;Windows 10&amp;apos;, os.arch: &amp;apos;amd64&amp;apos;, os.version: &amp;apos;10.0&amp;apos;, java.version: &amp;apos;1.8.0_231&amp;apos;
Driver info: org.openqa.selenium.chrome.ChromeDriver
Capabilities {acceptInsecureCerts: false, browserName: chrome, browserVersion: 86.0.4240.75, chrome: {chromedriverVersion: 86.0.4240.22 (398b0743353ff..., userDataDir: C:\Users\JOSE~1.DIA\AppData...}, goog:chromeOptions: {debuggerAddress: localhost:61559}, javascriptEnabled: true, networkConnectionEnabled: false, pageLoadStrategy: normal, platform: WINDOWS, platformName: WINDOWS, proxy: Proxy(), setWindowRect: true, strictFileInteractability: false, timeouts: {implicit: 0, pageLoad: 300000, script: 30000}, unhandledPromptBehavior: dismiss and notify, webauthn:virtualAuthenticators: true}
Session ID: 1c013e2309d4a12fcc1ce5eea75eb74c">
      <![CDATA[org.openqa.selenium.WebDriverException: unknown error: net::ERR_CONNECTION_TIMED_OUT
  (Session info: chrome=86.0.4240.75)
Build info: version: '3.14.0', revision: 'aacccce0', time: '2018-08-02T20:19:58.91Z'
System info: host: 'N000613', ip: '192.168.0.10', os.name: 'Windows 10', os.arch: 'amd64', os.version: '10.0', java.version: '1.8.0_231'
Driver info: org.openqa.selenium.chrome.ChromeDriver
Capabilities {acceptInsecureCerts: false, browserName: chrome, browserVersion: 86.0.4240.75, chrome: {chromedriverVersion: 86.0.4240.22 (398b0743353ff..., userDataDir: C:\Users\JOSE~1.DIA\AppData...}, goog:chromeOptions: {debuggerAddress: localhost:61559}, javascriptEnabled: true, networkConnectionEnabled: false, pageLoadStrategy: normal, platform: WINDOWS, platformName: WINDOWS, proxy: Proxy(), setWindowRect: true, strictFileInteractability: false, timeouts: {implicit: 0, pageLoad: 300000, script: 30000}, unhandledPromptBehavior: dismiss and notify, webauthn:virtualAuthenticators: true}
Session ID: 1c013e2309d4a12fcc1ce5eea75eb74c
at org.openqa.selenium.remote.http.W3CHttpResponseCodec.createException(W3CHttpResponseCodec.java:187)
at org.openqa.selenium.remote.http.W3CHttpResponseCodec.decode(W3CHttpResponseCodec.java:122)
at org.openqa.selenium.remote.http.W3CHttpResponseCodec.decode(W3CHttpResponseCodec.java:49)
at org.openqa.selenium.remote.HttpCommandExecutor.execute(HttpCommandExecutor.java:158)
at org.openqa.selenium.remote.service.DriverCommandExecutor.execute(DriverCommandExecutor.java:83)
at org.openqa.selenium.remote.RemoteWebDriver.execute(RemoteWebDriver.java:548)
at org.openqa.selenium.remote.RemoteWebDriver.get(RemoteWebDriver.java:276)
at util.connector.Web.modoExecucao(Web.java:34)
at util.connector.Web.opemNavegador(Web.java:26)
at testCases.CentroDeDistribuicao.InicializaTeste(CentroDeDistribuicao.java:27)
at java.util.concurrent.FutureTask.run(FutureTask.java:266)
at java.util.concurrent.ThreadPoolExecutor.runWorker(ThreadPoolExecutor.java:1149)
at java.util.concurrent.ThreadPoolExecutor$Worker.run(ThreadPoolExecutor.java:624)
at java.lang.Thread.run(Thread.java:748)
... Removed 23 stack frames]]>
    </failure>
  </testcase> <!-- @BeforeMethod InicializaTeste -->
  <testcase name="@AfterMethod tearDown" time="0.0" classname="testCases.CentroDeDistribuicao">
    <skipped/>
  </testcase> <!-- @AfterMethod tearDown -->
  <testcase name="@BeforeMethod InicializaTeste" time="0.0" classname="testCases.CentroDeDistribuicao">
    <skipped/>
  </testcase> <!-- @BeforeMethod InicializaTeste -->
  <testcase name="@AfterMethod tearDown" time="0.0" classname="testCases.CentroDeDistribuicao">
    <skipped/>
  </testcase> <!-- @AfterMethod tearDown -->
  <testcase name="@BeforeMethod InicializaTeste" time="0.0" classname="testCases.CentroDeDistribuicao">
    <skipped/>
  </testcase> <!-- @BeforeMethod InicializaTeste -->
  <testcase name="@AfterMethod tearDown" time="0.0" classname="testCases.CentroDeDistribuicao">
    <skipped/>
  </testcase> <!-- @AfterMethod tearDown -->
  <testcase name="@BeforeMethod InicializaTeste" time="0.0" classname="testCases.CentroDeDistribuicao">
    <skipped/>
  </testcase> <!-- @BeforeMethod InicializaTeste -->
  <testcase name="@AfterMethod tearDown" time="0.0" classname="testCases.CentroDeDistribuicao">
    <skipped/>
  </testcase> <!-- @AfterMethod tearDown -->
  <testcase name="@BeforeMethod InicializaTeste" time="0.0" classname="testCases.CentroDeDistribuicao">
    <skipped/>
  </testcase> <!-- @BeforeMethod InicializaTeste -->
  <testcase name="@AfterMethod tearDown" time="0.0" classname="testCases.CentroDeDistribuicao">
    <skipped/>
  </testcase> <!-- @AfterMethod tearDown -->
  <testcase name="cadastrar" time="0.0" classname="testCases.CentroDeDistribuicao">
    <skipped/>
  </testcase> <!-- cadastrar -->
  <testcase name="editar" time="0.0" classname="testCases.CentroDeDistribuicao">
    <skipped/>
  </testcase> <!-- editar -->
  <testcase name="filtrar" time="0.0" classname="testCases.CentroDeDistribuicao">
    <skipped/>
  </testcase> <!-- filtrar -->
  <testcase name="deletar" time="0.0" classname="testCases.CentroDeDistribuicao">
    <skipped/>
  </testcase> <!-- deletar -->
  <testcase name="camposObrigatorios" time="0.0" classname="testCases.CentroDeDistribuicao">
    <skipped/>
  </testcase> <!-- camposObrigatorios -->
</testsuite> <!-- Cadastro de centro de distribuição -->
