<?xml version="1.0" encoding="UTF-8"?>
<!-- Generated by org.testng.reporters.JUnitReportReporter -->
<testsuite skipped="5" hostname="N000613" name="testCases.CentroDeDistribuicao" tests="6" failures="0" timestamp="09 out 2020 19:31:03 GMT" time="4.592" errors="1">
  <testcase name="InicializaTeste" time="4.592" classname="testCases.CentroDeDistribuicao">
    <error type="org.openqa.selenium.SessionNotCreatedException" message="session not created: This version of ChromeDriver only supports Chrome version 84
Build info: version: &#039;3.14.0&#039;, revision: &#039;aacccce0&#039;, time: &#039;2018-08-02T20:19:58.91Z&#039;
System info: host: &#039;N000613&#039;, ip: &#039;192.168.0.10&#039;, os.name: &#039;Windows 10&#039;, os.arch: &#039;amd64&#039;, os.version: &#039;10.0&#039;, java.version: &#039;1.8.0_231&#039;
Driver info: driver.version: ChromeDriver
remote stacktrace: Backtrace:
	Ordinal0 [0x013487E3+2852835]
	Ordinal0 [0x01235BB1+1727409]
	Ordinal0 [0x0110E4B9+517305]
	Ordinal0 [0x010A0BA0+68512]
	Ordinal0 [0x0109D3A0+54176]
	Ordinal0 [0x010BD9F7+186871]
	Ordinal0 [0x010BD7FD+186365]
	Ordinal0 [0x010BB70B+177931]
	Ordinal0 [0x010A2584+75140]
	Ordinal0 [0x010A3650+79440]
	Ordinal0 [0x010A35E9+79337]
	Ordinal0 [0x0124AD5C+1813852]
	GetHandleVerifier [0x0146C616+1075574]
	GetHandleVerifier [0x0146C367+1074887]
	GetHandleVerifier [0x01477497+1120247]
	GetHandleVerifier [0x0146CC16+1077110]
	Ordinal0 [0x01243206+1782278]
	Ordinal0 [0x0124C3BB+1819579]
	Ordinal0 [0x0124C523+1819939]
	Ordinal0 [0x01262B45+1911621]
	BaseThreadInitThunk [0x768F0419+25]
	RtlGetAppContainerNamedObjectPath [0x7785662D+237]
	RtlGetAppContainerNamedObjectPath [0x778565FD+189]
">
      <![CDATA[org.openqa.selenium.SessionNotCreatedException: session not created: This version of ChromeDriver only supports Chrome version 84
Build info: version: '3.14.0', revision: 'aacccce0', time: '2018-08-02T20:19:58.91Z'
System info: host: 'N000613', ip: '192.168.0.10', os.name: 'Windows 10', os.arch: 'amd64', os.version: '10.0', java.version: '1.8.0_231'
Driver info: driver.version: ChromeDriver
remote stacktrace: Backtrace:
Ordinal0 [0x013487E3+2852835]
Ordinal0 [0x01235BB1+1727409]
Ordinal0 [0x0110E4B9+517305]
Ordinal0 [0x010A0BA0+68512]
Ordinal0 [0x0109D3A0+54176]
Ordinal0 [0x010BD9F7+186871]
Ordinal0 [0x010BD7FD+186365]
Ordinal0 [0x010BB70B+177931]
Ordinal0 [0x010A2584+75140]
Ordinal0 [0x010A3650+79440]
Ordinal0 [0x010A35E9+79337]
Ordinal0 [0x0124AD5C+1813852]
GetHandleVerifier [0x0146C616+1075574]
GetHandleVerifier [0x0146C367+1074887]
GetHandleVerifier [0x01477497+1120247]
GetHandleVerifier [0x0146CC16+1077110]
Ordinal0 [0x01243206+1782278]
Ordinal0 [0x0124C3BB+1819579]
Ordinal0 [0x0124C523+1819939]
Ordinal0 [0x01262B45+1911621]
BaseThreadInitThunk [0x768F0419+25]
RtlGetAppContainerNamedObjectPath [0x7785662D+237]
RtlGetAppContainerNamedObjectPath [0x778565FD+189]

at sun.reflect.NativeConstructorAccessorImpl.newInstance0(Native Method)
at sun.reflect.NativeConstructorAccessorImpl.newInstance(NativeConstructorAccessorImpl.java:62)
at sun.reflect.DelegatingConstructorAccessorImpl.newInstance(DelegatingConstructorAccessorImpl.java:45)
at java.lang.reflect.Constructor.newInstance(Constructor.java:423)
at org.openqa.selenium.remote.W3CHandshakeResponse.lambda$new$0(W3CHandshakeResponse.java:57)
at org.openqa.selenium.remote.W3CHandshakeResponse.lambda$getResponseFunction$2(W3CHandshakeResponse.java:104)
at org.openqa.selenium.remote.ProtocolHandshake.lambda$createSession$0(ProtocolHandshake.java:122)
at java.util.stream.ReferencePipeline$3$1.accept(ReferencePipeline.java:193)
at java.util.Spliterators$ArraySpliterator.tryAdvance(Spliterators.java:958)
at java.util.stream.ReferencePipeline.forEachWithCancel(ReferencePipeline.java:126)
at java.util.stream.AbstractPipeline.copyIntoWithCancel(AbstractPipeline.java:499)
at java.util.stream.AbstractPipeline.copyInto(AbstractPipeline.java:486)
at java.util.stream.AbstractPipeline.wrapAndCopyInto(AbstractPipeline.java:472)
at java.util.stream.FindOps$FindOp.evaluateSequential(FindOps.java:152)
at java.util.stream.AbstractPipeline.evaluate(AbstractPipeline.java:234)
at java.util.stream.ReferencePipeline.findFirst(ReferencePipeline.java:464)
at org.openqa.selenium.remote.ProtocolHandshake.createSession(ProtocolHandshake.java:125)
at org.openqa.selenium.remote.ProtocolHandshake.createSession(ProtocolHandshake.java:73)
at org.openqa.selenium.remote.HttpCommandExecutor.execute(HttpCommandExecutor.java:136)
at org.openqa.selenium.remote.service.DriverCommandExecutor.execute(DriverCommandExecutor.java:83)
at org.openqa.selenium.remote.RemoteWebDriver.execute(RemoteWebDriver.java:548)
at org.openqa.selenium.remote.RemoteWebDriver.startSession(RemoteWebDriver.java:212)
at org.openqa.selenium.remote.RemoteWebDriver.<init>(RemoteWebDriver.java:130)
at org.openqa.selenium.chrome.ChromeDriver.<init>(ChromeDriver.java:181)
at org.openqa.selenium.chrome.ChromeDriver.<init>(ChromeDriver.java:168)
at org.openqa.selenium.chrome.ChromeDriver.<init>(ChromeDriver.java:157)
at util.Configuracao.getDriver(Configuracao.java:95)
at util.connector.Web.modoExecucao(Web.java:31)
at util.connector.Web.opemNavegador(Web.java:26)
at testCases.CentroDeDistribuicao.InicializaTeste(CentroDeDistribuicao.java:27)
at sun.reflect.NativeMethodAccessorImpl.invoke0(Native Method)
at sun.reflect.NativeMethodAccessorImpl.invoke(NativeMethodAccessorImpl.java:62)
at sun.reflect.DelegatingMethodAccessorImpl.invoke(DelegatingMethodAccessorImpl.java:43)
at java.lang.reflect.Method.invoke(Method.java:498)
at org.testng.internal.MethodInvocationHelper.invokeMethod(MethodInvocationHelper.java:124)
at org.testng.internal.MethodInvocationHelper.invokeMethodConsideringTimeout(MethodInvocationHelper.java:59)
at org.testng.internal.Invoker.invokeConfigurationMethod(Invoker.java:458)
at org.testng.internal.Invoker.invokeConfigurations(Invoker.java:222)
at org.testng.internal.Invoker.invokeMethod(Invoker.java:523)
at org.testng.internal.Invoker.invokeTestMethod(Invoker.java:719)
at org.testng.internal.Invoker.invokeTestMethods(Invoker.java:989)
at org.testng.internal.TestMethodWorker.invokeTestMethods(TestMethodWorker.java:125)
at org.testng.internal.TestMethodWorker.run(TestMethodWorker.java:109)
at org.testng.TestRunner.privateRun(TestRunner.java:648)
at org.testng.TestRunner.run(TestRunner.java:505)
at org.testng.SuiteRunner.runTest(SuiteRunner.java:455)
at org.testng.SuiteRunner.access$000(SuiteRunner.java:40)
at org.testng.SuiteRunner$SuiteWorker.run(SuiteRunner.java:489)
at org.testng.internal.thread.ThreadUtil$1.call(ThreadUtil.java:52)
at java.util.concurrent.FutureTask.run(FutureTask.java:266)
at java.util.concurrent.ThreadPoolExecutor.runWorker(ThreadPoolExecutor.java:1149)
at java.util.concurrent.ThreadPoolExecutor$Worker.run(ThreadPoolExecutor.java:624)
at java.lang.Thread.run(Thread.java:748)
]]>
    </error>
  </testcase> <!-- InicializaTeste -->
  <testcase name="cadastrar" time="0.000" classname="testCases.CentroDeDistribuicao">
    <skipped/>
  </testcase> <!-- cadastrar -->
  <testcase name="editar" time="0.000" classname="testCases.CentroDeDistribuicao">
    <skipped/>
  </testcase> <!-- editar -->
  <testcase name="filtrar" time="0.000" classname="testCases.CentroDeDistribuicao">
    <skipped/>
  </testcase> <!-- filtrar -->
  <testcase name="deletar" time="0.000" classname="testCases.CentroDeDistribuicao">
    <skipped/>
  </testcase> <!-- deletar -->
  <testcase name="camposObrigatorios" time="0.000" classname="testCases.CentroDeDistribuicao">
    <skipped/>
  </testcase> <!-- camposObrigatorios -->
</testsuite> <!-- testCases.CentroDeDistribuicao -->
